Vivado Simulator 2019.1
Time resolution is 1 ps
WARNING: Insufficient data from the input file for $fread

##################################
#### Loading elf file: C:/ProgsData/Data/Labs/HardwareAccelerator/designs/rtl/sigma/sw/apps/kmean.riscv
e_machine: 0x000000f3 (   RISC-V)
e_phnum: 0x00000003
---- HEADER: 0 ----
p_type: 0x70000003
p_offset: 0x000018ff
p_vaddr: 0x00000000
p_paddr: 0x00000000
p_filesz: 0x00000037
p_memsz: 0x00000000
p_flags: 0x00000004
p_align: 0x00000001
---- HEADER: 1 ----
p_type: 0x00000001
p_offset: 0x00001080
p_vaddr: 0x00000080
p_paddr: 0x00000080
p_filesz: 0x00000864
p_memsz: 0x00000864
p_flags: 0x00000007
p_align: 0x00001000
---- HEADER: 2 ----
p_type: 0x6474e551
p_offset: 0x00000000
p_vaddr: 0x00000000
p_paddr: 0x00000000
p_filesz: 0x00000000
p_memsz: 0x00000000
p_flags: 0x00000006
p_align: 0x00000010
##################################

### SIMULATION STARTED ###
